Determining if the pthread_create exist failed with the following output:
Change Dir: /home/x0221391/ws_arm/build_isolated/cam_capture_old/CMakeFiles/CMakeTmp

Run Build Command:/usr/bin/gmake "cmTryCompileExec517840575/fast"
/usr/bin/gmake -f CMakeFiles/cmTryCompileExec517840575.dir/build.make CMakeFiles/cmTryCompileExec517840575.dir/build
gmake[1]: Entering directory `/home/x0221391/ws_arm/build_isolated/cam_capture_old/CMakeFiles/CMakeTmp'
/usr/bin/cmake -E cmake_progress_report /home/x0221391/ws_arm/build_isolated/cam_capture_old/CMakeFiles/CMakeTmp/CMakeFiles 1
Building C object CMakeFiles/cmTryCompileExec517840575.dir/CheckSymbolExists.c.o
/usr/bin/arm-linux-gnueabihf-gcc-4.6    -o CMakeFiles/cmTryCompileExec517840575.dir/CheckSymbolExists.c.o   -c /home/x0221391/ws_arm/build_isolated/cam_capture_old/CMakeFiles/CMakeTmp/CheckSymbolExists.c
Linking C executable cmTryCompileExec517840575
/usr/bin/cmake -E cmake_link_script CMakeFiles/cmTryCompileExec517840575.dir/link.txt --verbose=1
/usr/bin/arm-linux-gnueabihf-gcc-4.6         CMakeFiles/cmTryCompileExec517840575.dir/CheckSymbolExists.c.o  -o cmTryCompileExec517840575 -rdynamic 
CMakeFiles/cmTryCompileExec517840575.dir/CheckSymbolExists.c.o: In function `main':
CheckSymbolExists.c:(.text+0x10): undefined reference to `pthread_create'
CheckSymbolExists.c:(.text+0x14): undefined reference to `pthread_create'
collect2: ld returned 1 exit status
gmake[1]: *** [cmTryCompileExec517840575] Error 1
gmake[1]: Leaving directory `/home/x0221391/ws_arm/build_isolated/cam_capture_old/CMakeFiles/CMakeTmp'
gmake: *** [cmTryCompileExec517840575/fast] Error 2

File /home/x0221391/ws_arm/build_isolated/cam_capture_old/CMakeFiles/CMakeTmp/CheckSymbolExists.c:
/* */
#include <pthread.h>

int main(int argc, char** argv)
{
  (void)argv;
#ifndef pthread_create
  return ((int*)(&pthread_create))[argc];
#else
  (void)argc;
  return 0;
#endif
}

Determining if the function pthread_create exists in the pthreads failed with the following output:
Change Dir: /home/x0221391/ws_arm/build_isolated/cam_capture_old/CMakeFiles/CMakeTmp

Run Build Command:/usr/bin/gmake "cmTryCompileExec1620900683/fast"
/usr/bin/gmake -f CMakeFiles/cmTryCompileExec1620900683.dir/build.make CMakeFiles/cmTryCompileExec1620900683.dir/build
gmake[1]: Entering directory `/home/x0221391/ws_arm/build_isolated/cam_capture_old/CMakeFiles/CMakeTmp'
/usr/bin/cmake -E cmake_progress_report /home/x0221391/ws_arm/build_isolated/cam_capture_old/CMakeFiles/CMakeTmp/CMakeFiles 1
Building C object CMakeFiles/cmTryCompileExec1620900683.dir/CheckFunctionExists.c.o
/usr/bin/arm-linux-gnueabihf-gcc-4.6   -DCHECK_FUNCTION_EXISTS=pthread_create   -o CMakeFiles/cmTryCompileExec1620900683.dir/CheckFunctionExists.c.o   -c /usr/share/cmake-2.8/Modules/CheckFunctionExists.c
Linking C executable cmTryCompileExec1620900683
/usr/bin/cmake -E cmake_link_script CMakeFiles/cmTryCompileExec1620900683.dir/link.txt --verbose=1
/usr/bin/arm-linux-gnueabihf-gcc-4.6     -DCHECK_FUNCTION_EXISTS=pthread_create    CMakeFiles/cmTryCompileExec1620900683.dir/CheckFunctionExists.c.o  -o cmTryCompileExec1620900683 -rdynamic -lpthreads 
/usr/lib/gcc/arm-linux-gnueabihf/4.6/../../../../arm-linux-gnueabihf/bin/ld: cannot find -lpthreads
collect2: ld returned 1 exit status
gmake[1]: *** [cmTryCompileExec1620900683] Error 1
gmake[1]: Leaving directory `/home/x0221391/ws_arm/build_isolated/cam_capture_old/CMakeFiles/CMakeTmp'
gmake: *** [cmTryCompileExec1620900683/fast] Error 2


